<?xml version="1.0" encoding="UTF-8"?>
<testsuite xmlns:xsi="http://www.w3.org/2001/XMLSchema-instance" xsi:noNamespaceSchemaLocation="https://maven.apache.org/surefire/maven-surefire-plugin/xsd/surefire-test-report-3.0.xsd" version="3.0" name="stickhero.ObjectTransitionExceptionTest" time="0.022" tests="1" errors="0" skipped="0" failures="0">
  <properties>
    <property name="java.specification.version" value="21"/>
    <property name="sun.jnu.encoding" value="UTF-8"/>
    <property name="java.class.path" value="/Users/nishchayaroy/Downloads/StickHero-Kimetsu_no_Yaiba/target/test-classes:/Users/nishchayaroy/.m2/repository/org/openjfx/javafx-controls/20.0.1/javafx-controls-20.0.1.jar:/Users/nishchayaroy/.m2/repository/org/openjfx/javafx-graphics/20.0.1/javafx-graphics-20.0.1.jar:/Users/nishchayaroy/.m2/repository/org/openjfx/javafx-base/20.0.1/javafx-base-20.0.1.jar:/Users/nishchayaroy/.m2/repository/org/openjfx/javafx-fxml/20.0.1/javafx-fxml-20.0.1.jar:/Users/nishchayaroy/.m2/repository/org/openjfx/javafx-media/20.0.1/javafx-media-20.0.1.jar:/Users/nishchayaroy/.m2/repository/org/jetbrains/annotations/13.0/annotations-13.0.jar:/Users/nishchayaroy/.m2/repository/org/jetbrains/kotlin/kotlin-stdlib-common/1.6.0/kotlin-stdlib-common-1.6.0.jar:/Users/nishchayaroy/.m2/repository/org/junit/jupiter/junit-jupiter-api/5.9.2/junit-jupiter-api-5.9.2.jar:/Users/nishchayaroy/.m2/repository/org/opentest4j/opentest4j/1.2.0/opentest4j-1.2.0.jar:/Users/nishchayaroy/.m2/repository/org/junit/platform/junit-platform-commons/1.9.2/junit-platform-commons-1.9.2.jar:/Users/nishchayaroy/.m2/repository/org/apiguardian/apiguardian-api/1.1.2/apiguardian-api-1.1.2.jar:/Users/nishchayaroy/.m2/repository/org/junit/jupiter/junit-jupiter-engine/5.9.2/junit-jupiter-engine-5.9.2.jar:/Users/nishchayaroy/.m2/repository/org/junit/platform/junit-platform-engine/1.9.2/junit-platform-engine-1.9.2.jar:"/>
    <property name="java.vm.vendor" value="Homebrew"/>
    <property name="sun.arch.data.model" value="64"/>
    <property name="java.vendor.url" value="https://github.com/Homebrew/homebrew-core/issues"/>
    <property name="os.name" value="Mac OS X"/>
    <property name="java.vm.specification.version" value="21"/>
    <property name="sun.java.launcher" value="SUN_STANDARD"/>
    <property name="user.country" value="IN"/>
    <property name="sun.boot.library.path" value="/opt/homebrew/Cellar/openjdk/21.0.1/libexec/openjdk.jdk/Contents/Home/lib"/>
    <property name="sun.java.command" value="org.apache.maven.surefire.booter.ForkedBooter /Users/nishchayaroy/Downloads/StickHero-Kimetsu_no_Yaiba/target/surefire 2024-06-14T13-36-07_784-jvmRun1 surefire-20240614133607910_1tmp surefire_0-20240614133607910_2tmp"/>
    <property name="http.nonProxyHosts" value="local|*.local|169.254/16|*.169.254/16"/>
    <property name="jdk.debug" value="release"/>
    <property name="surefire.test.class.path" value="/Users/nishchayaroy/Downloads/StickHero-Kimetsu_no_Yaiba/target/test-classes:/Users/nishchayaroy/.m2/repository/org/openjfx/javafx-controls/20.0.1/javafx-controls-20.0.1.jar:/Users/nishchayaroy/.m2/repository/org/openjfx/javafx-graphics/20.0.1/javafx-graphics-20.0.1.jar:/Users/nishchayaroy/.m2/repository/org/openjfx/javafx-base/20.0.1/javafx-base-20.0.1.jar:/Users/nishchayaroy/.m2/repository/org/openjfx/javafx-fxml/20.0.1/javafx-fxml-20.0.1.jar:/Users/nishchayaroy/.m2/repository/org/openjfx/javafx-media/20.0.1/javafx-media-20.0.1.jar:/Users/nishchayaroy/.m2/repository/org/jetbrains/annotations/13.0/annotations-13.0.jar:/Users/nishchayaroy/.m2/repository/org/jetbrains/kotlin/kotlin-stdlib-common/1.6.0/kotlin-stdlib-common-1.6.0.jar:/Users/nishchayaroy/.m2/repository/org/junit/jupiter/junit-jupiter-api/5.9.2/junit-jupiter-api-5.9.2.jar:/Users/nishchayaroy/.m2/repository/org/opentest4j/opentest4j/1.2.0/opentest4j-1.2.0.jar:/Users/nishchayaroy/.m2/repository/org/junit/platform/junit-platform-commons/1.9.2/junit-platform-commons-1.9.2.jar:/Users/nishchayaroy/.m2/repository/org/apiguardian/apiguardian-api/1.1.2/apiguardian-api-1.1.2.jar:/Users/nishchayaroy/.m2/repository/org/junit/jupiter/junit-jupiter-engine/5.9.2/junit-jupiter-engine-5.9.2.jar:/Users/nishchayaroy/.m2/repository/org/junit/platform/junit-platform-engine/1.9.2/junit-platform-engine-1.9.2.jar:"/>
    <property name="sun.cpu.endian" value="little"/>
    <property name="user.home" value="/Users/nishchayaroy"/>
    <property name="user.language" value="en"/>
    <property name="java.specification.vendor" value="Oracle Corporation"/>
    <property name="jdk.module.path" value="/Users/nishchayaroy/Downloads/StickHero-Kimetsu_no_Yaiba/target/classes:/Users/nishchayaroy/.m2/repository/org/openjfx/javafx-controls/20.0.1/javafx-controls-20.0.1-mac-aarch64.jar:/Users/nishchayaroy/.m2/repository/org/openjfx/javafx-graphics/20.0.1/javafx-graphics-20.0.1-mac-aarch64.jar:/Users/nishchayaroy/.m2/repository/org/openjfx/javafx-base/20.0.1/javafx-base-20.0.1-mac-aarch64.jar:/Users/nishchayaroy/.m2/repository/org/openjfx/javafx-fxml/20.0.1/javafx-fxml-20.0.1-mac-aarch64.jar:/Users/nishchayaroy/.m2/repository/org/openjfx/javafx-media/20.0.1/javafx-media-20.0.1-mac-aarch64.jar:/Users/nishchayaroy/.m2/repository/org/controlsfx/controlsfx/11.1.2/controlsfx-11.1.2.jar:/Users/nishchayaroy/.m2/repository/com/dlsc/formsfx/formsfx-core/11.6.0/formsfx-core-11.6.0.jar:/Users/nishchayaroy/.m2/repository/com/github/almasb/fxgl/17.2/fxgl-17.2.jar:/Users/nishchayaroy/.m2/repository/com/github/almasb/fxgl-core/17.2/fxgl-core-17.2.jar:/Users/nishchayaroy/.m2/repository/com/gluonhq/attach/audio/4.0.13/audio-4.0.13.jar:/Users/nishchayaroy/.m2/repository/com/github/almasb/fxgl-io/17.2/fxgl-io-17.2.jar:/Users/nishchayaroy/.m2/repository/com/gluonhq/attach/storage/4.0.13/storage-4.0.13.jar:/Users/nishchayaroy/.m2/repository/com/gluonhq/attach/util/4.0.13/util-4.0.13.jar:/Users/nishchayaroy/.m2/repository/com/github/almasb/fxgl-entity/17.2/fxgl-entity-17.2.jar:/Users/nishchayaroy/.m2/repository/com/github/almasb/fxgl-scene/17.2/fxgl-scene-17.2.jar:/Users/nishchayaroy/.m2/repository/com/github/almasb/fxgl-gameplay/17.2/fxgl-gameplay-17.2.jar:/Users/nishchayaroy/.m2/repository/com/fasterxml/jackson/core/jackson-annotations/2.12.1/jackson-annotations-2.12.1.jar:/Users/nishchayaroy/.m2/repository/com/fasterxml/jackson/core/jackson-databind/2.12.1/jackson-databind-2.12.1.jar:/Users/nishchayaroy/.m2/repository/com/fasterxml/jackson/core/jackson-core/2.12.1/jackson-core-2.12.1.jar:/Users/nishchayaroy/.m2/repository/com/gluonhq/attach/lifecycle/4.0.13/lifecycle-4.0.13.jar:/Users/nishchayaroy/.m2/repository/org/jetbrains/kotlin/kotlin-stdlib/1.6.0/kotlin-stdlib-1.6.0-modular.jar"/>
    <property name="java.version.date" value="2023-10-17"/>
    <property name="java.home" value="/opt/homebrew/Cellar/openjdk/21.0.1/libexec/openjdk.jdk/Contents/Home"/>
    <property name="file.separator" value="/"/>
    <property name="basedir" value="/Users/nishchayaroy/Downloads/StickHero-Kimetsu_no_Yaiba"/>
    <property name="java.vm.compressedOopsMode" value="Zero based"/>
    <property name="line.separator" value="&#10;"/>
    <property name="java.vm.specification.vendor" value="Oracle Corporation"/>
    <property name="java.specification.name" value="Java Platform API Specification"/>
    <property name="apple.awt.application.name" value="ForkedBooter"/>
    <property name="surefire.real.class.path" value="/Users/nishchayaroy/.m2/repository/org/apache/maven/surefire/surefire-api/3.1.2/surefire-api-3.1.2.jar:/Users/nishchayaroy/.m2/repository/org/apache/maven/surefire/surefire-booter/3.1.2/surefire-booter-3.1.2.jar:/Users/nishchayaroy/.m2/repository/org/apache/maven/surefire/surefire-extensions-spi/3.1.2/surefire-extensions-spi-3.1.2.jar:/Users/nishchayaroy/.m2/repository/org/apache/maven/surefire/surefire-logger-api/3.1.2/surefire-logger-api-3.1.2.jar:/Users/nishchayaroy/.m2/repository/org/apache/maven/surefire/surefire-shared-utils/3.1.2/surefire-shared-utils-3.1.2.jar:/Users/nishchayaroy/Downloads/StickHero-Kimetsu_no_Yaiba/target/test-classes:/Users/nishchayaroy/.m2/repository/org/openjfx/javafx-controls/20.0.1/javafx-controls-20.0.1.jar:/Users/nishchayaroy/.m2/repository/org/openjfx/javafx-graphics/20.0.1/javafx-graphics-20.0.1.jar:/Users/nishchayaroy/.m2/repository/org/openjfx/javafx-base/20.0.1/javafx-base-20.0.1.jar:/Users/nishchayaroy/.m2/repository/org/openjfx/javafx-fxml/20.0.1/javafx-fxml-20.0.1.jar:/Users/nishchayaroy/.m2/repository/org/openjfx/javafx-media/20.0.1/javafx-media-20.0.1.jar:/Users/nishchayaroy/.m2/repository/org/jetbrains/annotations/13.0/annotations-13.0.jar:/Users/nishchayaroy/.m2/repository/org/jetbrains/kotlin/kotlin-stdlib-common/1.6.0/kotlin-stdlib-common-1.6.0.jar:/Users/nishchayaroy/.m2/repository/org/junit/jupiter/junit-jupiter-api/5.9.2/junit-jupiter-api-5.9.2.jar:/Users/nishchayaroy/.m2/repository/org/opentest4j/opentest4j/1.2.0/opentest4j-1.2.0.jar:/Users/nishchayaroy/.m2/repository/org/junit/platform/junit-platform-commons/1.9.2/junit-platform-commons-1.9.2.jar:/Users/nishchayaroy/.m2/repository/org/apiguardian/apiguardian-api/1.1.2/apiguardian-api-1.1.2.jar:/Users/nishchayaroy/.m2/repository/org/junit/jupiter/junit-jupiter-engine/5.9.2/junit-jupiter-engine-5.9.2.jar:/Users/nishchayaroy/.m2/repository/org/junit/platform/junit-platform-engine/1.9.2/junit-platform-engine-1.9.2.jar:/Users/nishchayaroy/.m2/repository/org/apache/maven/surefire/surefire-junit-platform/3.1.2/surefire-junit-platform-3.1.2.jar:/Users/nishchayaroy/.m2/repository/org/apache/maven/surefire/common-java5/3.1.2/common-java5-3.1.2.jar:/Users/nishchayaroy/.m2/repository/org/junit/platform/junit-platform-launcher/1.9.2/junit-platform-launcher-1.9.2.jar"/>
    <property name="sun.management.compiler" value="HotSpot 64-Bit Tiered Compilers"/>
    <property name="ftp.nonProxyHosts" value="local|*.local|169.254/16|*.169.254/16"/>
    <property name="java.runtime.version" value="21.0.1"/>
    <property name="user.name" value="nishchayaroy"/>
    <property name="stdout.encoding" value="UTF-8"/>
    <property name="path.separator" value=":"/>
    <property name="os.version" value="14.1.2"/>
    <property name="java.runtime.name" value="OpenJDK Runtime Environment"/>
    <property name="file.encoding" value="UTF-8"/>
    <property name="java.vm.name" value="OpenJDK 64-Bit Server VM"/>
    <property name="java.vendor.version" value="Homebrew"/>
    <property name="localRepository" value="/Users/nishchayaroy/.m2/repository"/>
    <property name="java.vendor.url.bug" value="https://github.com/Homebrew/homebrew-core/issues"/>
    <property name="java.io.tmpdir" value="/var/folders/lz/b1dcx42s385gh0hs_504scqh0000gn/T/"/>
    <property name="java.version" value="21.0.1"/>
    <property name="user.dir" value="/Users/nishchayaroy/Downloads/StickHero-Kimetsu_no_Yaiba"/>
    <property name="os.arch" value="aarch64"/>
    <property name="java.vm.specification.name" value="Java Virtual Machine Specification"/>
    <property name="native.encoding" value="UTF-8"/>
    <property name="java.library.path" value="/Users/nishchayaroy/Library/Java/Extensions:/Library/Java/Extensions:/Network/Library/Java/Extensions:/System/Library/Java/Extensions:/usr/lib/java:."/>
    <property name="java.vm.info" value="mixed mode"/>
    <property name="stderr.encoding" value="UTF-8"/>
    <property name="java.vendor" value="Homebrew"/>
    <property name="java.vm.version" value="21.0.1"/>
    <property name="sun.io.unicode.encoding" value="UnicodeBig"/>
    <property name="socksNonProxyHosts" value="local|*.local|169.254/16|*.169.254/16"/>
    <property name="java.class.version" value="65.0"/>
  </properties>
  <testcase name="testConstructor" classname="stickhero.ObjectTransitionExceptionTest" time="0.012"/>
</testsuite>